==12258== Memcheck, a memory error detector
==12258== Copyright (C) 2002-2017, and GNU GPL'd, by Julian Seward et al.
==12258== Using Valgrind-3.14.0-353a3587bb-20181007X and LibVEX; rerun with -h for copyright info
==12258== Command: /home/faubert/S19/cursus/gnl/a.out
==12258== Parent PID: 8475
==12258== 
--12258-- 
--12258-- Valgrind options:
--12258--    -v
--12258--    --tool=memcheck
--12258--    --leak-check=full
--12258--    --num-callers=40
--12258--    --log-file=valgrind.log
--12258-- Contents of /proc/version:
--12258--   Linux version 4.19.0-8-amd64 (debian-kernel@lists.debian.org) (gcc version 8.3.0 (Debian 8.3.0-6)) #1 SMP Debian 4.19.98-1 (2020-01-26)
--12258-- 
--12258-- Arch and hwcaps: AMD64, LittleEndian, amd64-cx16-lzcnt-rdtscp-sse3-avx-avx2-bmi
--12258-- Page sizes: currently 4096, max supported 4096
--12258-- Valgrind library directory: /usr/lib/x86_64-linux-gnu/valgrind
--12258-- Reading syms from /home/faubert/S19/cursus/gnl/a.out
--12258-- Reading syms from /usr/lib/x86_64-linux-gnu/ld-2.28.so
--12258--   Considering /usr/lib/debug/.build-id/f2/5dfd7b95be4ba386fd71080accae8c0732b711.debug ..
--12258--   .. build-id is valid
--12258-- Reading syms from /usr/lib/x86_64-linux-gnu/valgrind/memcheck-amd64-linux
--12258--   Considering /usr/lib/debug/.build-id/32/2e77af97f403c3d34ff09edf60b089e72ec889.debug ..
--12258--   .. build-id is valid
--12258--    object doesn't have a dynamic symbol table
--12258-- Scheduler: using generic scheduler lock implementation.
--12258-- Reading suppressions file: /usr/lib/x86_64-linux-gnu/valgrind/default.supp
==12258== embedded gdbserver: reading from /tmp/vgdb-pipe-from-vgdb-to-12258-by-faubert-on-???
==12258== embedded gdbserver: writing to   /tmp/vgdb-pipe-to-vgdb-from-12258-by-faubert-on-???
==12258== embedded gdbserver: shared mem   /tmp/vgdb-pipe-shared-mem-vgdb-12258-by-faubert-on-???
==12258== 
==12258== TO CONTROL THIS PROCESS USING vgdb (which you probably
==12258== don't want to do, unless you know exactly what you're doing,
==12258== or are doing some strange experiment):
==12258==   /usr/lib/x86_64-linux-gnu/valgrind/../../bin/vgdb --pid=12258 ...command...
==12258== 
==12258== TO DEBUG THIS PROCESS USING GDB: start GDB like this
==12258==   /path/to/gdb /home/faubert/S19/cursus/gnl/a.out
==12258== and then give GDB the following command
==12258==   target remote | /usr/lib/x86_64-linux-gnu/valgrind/../../bin/vgdb --pid=12258
==12258== --pid is optional if only one valgrind process is running
==12258== 
--12258-- REDIR: 0x401e2f0 (ld-linux-x86-64.so.2:strlen) redirected to 0x580c9ce2 (vgPlain_amd64_linux_REDIR_FOR_strlen)
--12258-- REDIR: 0x401e0d0 (ld-linux-x86-64.so.2:index) redirected to 0x580c9cfc (vgPlain_amd64_linux_REDIR_FOR_index)
--12258-- Reading syms from /usr/lib/x86_64-linux-gnu/valgrind/vgpreload_core-amd64-linux.so
--12258--   Considering /usr/lib/debug/.build-id/34/fbc4cdfbfce1bfc3d2e522a01a050bf724c930.debug ..
--12258--   .. build-id is valid
--12258-- Reading syms from /usr/lib/x86_64-linux-gnu/valgrind/vgpreload_memcheck-amd64-linux.so
--12258--   Considering /usr/lib/debug/.build-id/ca/bb7898ea982d936cbfadd70ae831c6eb63623f.debug ..
--12258--   .. build-id is valid
==12258== WARNING: new redirection conflicts with existing -- ignoring it
--12258--     old: 0x0401e2f0 (strlen              ) R-> (0000.0) 0x580c9ce2 vgPlain_amd64_linux_REDIR_FOR_strlen
--12258--     new: 0x0401e2f0 (strlen              ) R-> (2007.0) 0x04838d80 strlen
--12258-- REDIR: 0x401ab10 (ld-linux-x86-64.so.2:strcmp) redirected to 0x4839e40 (strcmp)
--12258-- REDIR: 0x401e830 (ld-linux-x86-64.so.2:mempcpy) redirected to 0x483d860 (mempcpy)
--12258-- Reading syms from /usr/lib/x86_64-linux-gnu/libc-2.28.so
--12258--   Considering /usr/lib/debug/.build-id/18/b9a9a8c523e5cfe5b5d946d605d09242f09798.debug ..
--12258--   .. build-id is valid
--12258-- REDIR: 0x48e4f70 (libc.so.6:memmove) redirected to 0x482b1b0 (_vgnU_ifunc_wrapper)
--12258-- REDIR: 0x48e4160 (libc.so.6:strncpy) redirected to 0x482b1b0 (_vgnU_ifunc_wrapper)
--12258-- REDIR: 0x48e5250 (libc.so.6:strcasecmp) redirected to 0x482b1b0 (_vgnU_ifunc_wrapper)
--12258-- REDIR: 0x48e3b70 (libc.so.6:strcat) redirected to 0x482b1b0 (_vgnU_ifunc_wrapper)
--12258-- REDIR: 0x48e4190 (libc.so.6:rindex) redirected to 0x482b1b0 (_vgnU_ifunc_wrapper)
--12258-- REDIR: 0x48e6890 (libc.so.6:rawmemchr) redirected to 0x482b1b0 (_vgnU_ifunc_wrapper)
--12258-- REDIR: 0x48ff230 (libc.so.6:wmemchr) redirected to 0x482b1b0 (_vgnU_ifunc_wrapper)
--12258-- REDIR: 0x48fecd0 (libc.so.6:wcscmp) redirected to 0x482b1b0 (_vgnU_ifunc_wrapper)
--12258-- REDIR: 0x48e50e0 (libc.so.6:mempcpy) redirected to 0x482b1b0 (_vgnU_ifunc_wrapper)
--12258-- REDIR: 0x48e4f10 (libc.so.6:bcmp) redirected to 0x482b1b0 (_vgnU_ifunc_wrapper)
--12258-- REDIR: 0x48e4100 (libc.so.6:strncmp) redirected to 0x482b1b0 (_vgnU_ifunc_wrapper)
--12258-- REDIR: 0x48e3be0 (libc.so.6:strcmp) redirected to 0x482b1b0 (_vgnU_ifunc_wrapper)
--12258-- REDIR: 0x48e5040 (libc.so.6:memset) redirected to 0x482b1b0 (_vgnU_ifunc_wrapper)
--12258-- REDIR: 0x48feca0 (libc.so.6:wcschr) redirected to 0x482b1b0 (_vgnU_ifunc_wrapper)
--12258-- REDIR: 0x48e40a0 (libc.so.6:strnlen) redirected to 0x482b1b0 (_vgnU_ifunc_wrapper)
--12258-- REDIR: 0x48e3c70 (libc.so.6:strcspn) redirected to 0x482b1b0 (_vgnU_ifunc_wrapper)
--12258-- REDIR: 0x48e52a0 (libc.so.6:strncasecmp) redirected to 0x482b1b0 (_vgnU_ifunc_wrapper)
--12258-- REDIR: 0x48e3c40 (libc.so.6:strcpy) redirected to 0x482b1b0 (_vgnU_ifunc_wrapper)
--12258-- REDIR: 0x48e53e0 (libc.so.6:memcpy@@GLIBC_2.14) redirected to 0x482b1b0 (_vgnU_ifunc_wrapper)
--12258-- REDIR: 0x49004d0 (libc.so.6:wcsnlen) redirected to 0x482b1b0 (_vgnU_ifunc_wrapper)
--12258-- REDIR: 0x48e41c0 (libc.so.6:strpbrk) redirected to 0x482b1b0 (_vgnU_ifunc_wrapper)
--12258-- REDIR: 0x48e3ba0 (libc.so.6:index) redirected to 0x482b1b0 (_vgnU_ifunc_wrapper)
--12258-- REDIR: 0x48e4070 (libc.so.6:strlen) redirected to 0x482b1b0 (_vgnU_ifunc_wrapper)
--12258-- REDIR: 0x48eb280 (libc.so.6:memrchr) redirected to 0x482b1b0 (_vgnU_ifunc_wrapper)
--12258-- REDIR: 0x48e52f0 (libc.so.6:strcasecmp_l) redirected to 0x482b1b0 (_vgnU_ifunc_wrapper)
--12258-- REDIR: 0x48e4ee0 (libc.so.6:memchr) redirected to 0x482b1b0 (_vgnU_ifunc_wrapper)
--12258-- REDIR: 0x48fedb0 (libc.so.6:wcslen) redirected to 0x482b1b0 (_vgnU_ifunc_wrapper)
--12258-- REDIR: 0x48e4460 (libc.so.6:strspn) redirected to 0x482b1b0 (_vgnU_ifunc_wrapper)
--12258-- REDIR: 0x48e5220 (libc.so.6:stpncpy) redirected to 0x482b1b0 (_vgnU_ifunc_wrapper)
--12258-- REDIR: 0x48e51f0 (libc.so.6:stpcpy) redirected to 0x482b1b0 (_vgnU_ifunc_wrapper)
--12258-- REDIR: 0x48e68c0 (libc.so.6:strchrnul) redirected to 0x482b1b0 (_vgnU_ifunc_wrapper)
--12258-- REDIR: 0x48e5340 (libc.so.6:strncasecmp_l) redirected to 0x482b1b0 (_vgnU_ifunc_wrapper)
--12258-- REDIR: 0x49b7fa0 (libc.so.6:__strrchr_avx2) redirected to 0x4838790 (rindex)
--12258-- REDIR: 0x49b7db0 (libc.so.6:__strchrnul_avx2) redirected to 0x483d390 (strchrnul)
--12258-- REDIR: 0x48e0350 (libc.so.6:malloc) redirected to 0x4835710 (malloc)
--12258-- REDIR: 0x49b8690 (libc.so.6:__mempcpy_avx_unaligned_erms) redirected to 0x483d4a0 (mempcpy)
--12258-- REDIR: 0x48e09a0 (libc.so.6:free) redirected to 0x4836940 (free)
--12258-- REDIR: 0x49b8170 (libc.so.6:__strlen_avx2) redirected to 0x4838c60 (strlen)
==12258== 
==12258== HEAP SUMMARY:
==12258==     in use at exit: 850 bytes in 62 blocks
==12258==   total heap usage: 477 allocs, 415 frees, 10,150 bytes allocated
==12258== 
==12258== Searching for pointers to 62 not-freed blocks
==12258== Checked 70,040 bytes
==12258== 
==12258== 90 bytes in 30 blocks are definitely lost in loss record 1 of 2
==12258==    at 0x483577F: malloc (vg_replace_malloc.c:299)
==12258==    by 0x40119D: ft_read (in /home/faubert/S19/cursus/gnl/a.out)
==12258==    by 0x40145C: get_next_line (in /home/faubert/S19/cursus/gnl/a.out)
==12258==    by 0x401932: main (in /home/faubert/S19/cursus/gnl/a.out)
==12258== 
==12258== 760 bytes in 32 blocks are definitely lost in loss record 2 of 2
==12258==    at 0x483577F: malloc (vg_replace_malloc.c:299)
==12258==    by 0x401792: ft_substr (in /home/faubert/S19/cursus/gnl/a.out)
==12258==    by 0x4014D4: get_next_line (in /home/faubert/S19/cursus/gnl/a.out)
==12258==    by 0x401932: main (in /home/faubert/S19/cursus/gnl/a.out)
==12258== 
==12258== LEAK SUMMARY:
==12258==    definitely lost: 850 bytes in 62 blocks
==12258==    indirectly lost: 0 bytes in 0 blocks
==12258==      possibly lost: 0 bytes in 0 blocks
==12258==    still reachable: 0 bytes in 0 blocks
==12258==         suppressed: 0 bytes in 0 blocks
==12258== 
==12258== ERROR SUMMARY: 2 errors from 2 contexts (suppressed: 0 from 0)
==12258== ERROR SUMMARY: 2 errors from 2 contexts (suppressed: 0 from 0)
